{"name": "No se permite cónyuge menor de 18 años", "status": "broken", "statusDetails": {"message": "selenium.common.exceptions.NoSuchWindowException: Message: no such window: target window already closed\nfrom unknown error: web view not found\n  (Session info: chrome=138.0.7204.101)\nStacktrace:\n0   chromedriver                        0x0000000102ccceb4 cxxbridge1$str$ptr + 2722840\n1   chromedriver                        0x0000000102cc4dbc cxxbridge1$str$ptr + 2689824\n2   chromedriver                        0x00000001028163ec cxxbridge1$string$len + 90648\n3   chromedriver                        0x00000001027f0144 chromedriver + 131396\n4   chromedriver                        0x000000010288560c cxxbridge1$string$len + 545848\n5   chromedriver                        0x000000010289e454 cxxbridge1$string$len + 647808\n6   chromedriver                        0x0000000102851834 cxxbridge1$string$len + 333408\n7   chromedriver                        0x0000000102c8ffd0 cxxbridge1$str$ptr + 2473268\n8   chromedriver                        0x0000000102c9323c cxxbridge1$str$ptr + 2486176\n9   chromedriver                        0x0000000102c71a18 cxxbridge1$str$ptr + 2348924\n10  chromedriver                        0x0000000102c93af8 cxxbridge1$str$ptr + 2488412\n11  chromedriver                        0x0000000102c62aa8 cxxbridge1$str$ptr + 2287628\n12  chromedriver                        0x0000000102cb39e8 cxxbridge1$str$ptr + 2619212\n13  chromedriver                        0x0000000102cb3b74 cxxbridge1$str$ptr + 2619608\n14  chromedriver                        0x0000000102cc49f8 cxxbridge1$str$ptr + 2688860\n15  libsystem_pthread.dylib             0x0000000188369f94 _pthread_start + 136\n16  libsystem_pthread.dylib             0x0000000188364d34 thread_start + 8\n\n", "trace": "  File \"/Users/lauraandrade/PycharmProjects/Pasarela/.venv/lib/python3.13/site-packages/behave/model.py\", line 1329, in run\n    match.run(runner.context)\n    ~~~~~~~~~^^^^^^^^^^^^^^^^\n  File \"/Users/lauraandrade/PycharmProjects/Pasarela/.venv/lib/python3.13/site-packages/behave/matchers.py\", line 98, in run\n    self.func(context, *args, **kwargs)\n    ~~~~~~~~~^^^^^^^^^^^^^^^^^^^^^^^^^^\n  File \"features/steps/common_steps.py\", line 11, in step_impl\n    context.driver.get(context.base_url)\n    ~~~~~~~~~~~~~~~~~~^^^^^^^^^^^^^^^^^^\n  File \"/Users/lauraandrade/PycharmProjects/Pasarela/.venv/lib/python3.13/site-packages/selenium/webdriver/remote/webdriver.py\", line 355, in get\n    self.execute(Command.GET, {\"url\": url})\n    ~~~~~~~~~~~~^^^^^^^^^^^^^^^^^^^^^^^^^^^\n  File \"/Users/lauraandrade/PycharmProjects/Pasarela/.venv/lib/python3.13/site-packages/selenium/webdriver/remote/webdriver.py\", line 346, in execute\n    self.error_handler.check_response(response)\n    ~~~~~~~~~~~~~~~~~~~~~~~~~~~~~~~~~^^^^^^^^^^\n  File \"/Users/lauraandrade/PycharmProjects/Pasarela/.venv/lib/python3.13/site-packages/selenium/webdriver/remote/errorhandler.py\", line 245, in check_response\n    raise exception_class(message, screen, stacktrace)\n"}, "steps": [{"name": "Given que el usuario accede al formulario de Queplan", "status": "broken", "statusDetails": {"message": "selenium.common.exceptions.NoSuchWindowException: Message: no such window: target window already closed\nfrom unknown error: web view not found\n  (Session info: chrome=138.0.7204.101)\nStacktrace:\n0   chromedriver                        0x0000000102ccceb4 cxxbridge1$str$ptr + 2722840\n1   chromedriver                        0x0000000102cc4dbc cxxbridge1$str$ptr + 2689824\n2   chromedriver                        0x00000001028163ec cxxbridge1$string$len + 90648\n3   chromedriver                        0x00000001027f0144 chromedriver + 131396\n4   chromedriver                        0x000000010288560c cxxbridge1$string$len + 545848\n5   chromedriver                        0x000000010289e454 cxxbridge1$string$len + 647808\n6   chromedriver                        0x0000000102851834 cxxbridge1$string$len + 333408\n7   chromedriver                        0x0000000102c8ffd0 cxxbridge1$str$ptr + 2473268\n8   chromedriver                        0x0000000102c9323c cxxbridge1$str$ptr + 2486176\n9   chromedriver                        0x0000000102c71a18 cxxbridge1$str$ptr + 2348924\n10  chromedriver                        0x0000000102c93af8 cxxbridge1$str$ptr + 2488412\n11  chromedriver                        0x0000000102c62aa8 cxxbridge1$str$ptr + 2287628\n12  chromedriver                        0x0000000102cb39e8 cxxbridge1$str$ptr + 2619212\n13  chromedriver                        0x0000000102cb3b74 cxxbridge1$str$ptr + 2619608\n14  chromedriver                        0x0000000102cc49f8 cxxbridge1$str$ptr + 2688860\n15  libsystem_pthread.dylib             0x0000000188369f94 _pthread_start + 136\n16  libsystem_pthread.dylib             0x0000000188364d34 thread_start + 8\n\n", "trace": "  File \"/Users/lauraandrade/PycharmProjects/Pasarela/.venv/lib/python3.13/site-packages/behave/model.py\", line 1329, in run\n    match.run(runner.context)\n    ~~~~~~~~~^^^^^^^^^^^^^^^^\n  File \"/Users/lauraandrade/PycharmProjects/Pasarela/.venv/lib/python3.13/site-packages/behave/matchers.py\", line 98, in run\n    self.func(context, *args, **kwargs)\n    ~~~~~~~~~^^^^^^^^^^^^^^^^^^^^^^^^^^\n  File \"features/steps/common_steps.py\", line 11, in step_impl\n    context.driver.get(context.base_url)\n    ~~~~~~~~~~~~~~~~~~^^^^^^^^^^^^^^^^^^\n  File \"/Users/lauraandrade/PycharmProjects/Pasarela/.venv/lib/python3.13/site-packages/selenium/webdriver/remote/webdriver.py\", line 355, in get\n    self.execute(Command.GET, {\"url\": url})\n    ~~~~~~~~~~~~^^^^^^^^^^^^^^^^^^^^^^^^^^^\n  File \"/Users/lauraandrade/PycharmProjects/Pasarela/.venv/lib/python3.13/site-packages/selenium/webdriver/remote/webdriver.py\", line 346, in execute\n    self.error_handler.check_response(response)\n    ~~~~~~~~~~~~~~~~~~~~~~~~~~~~~~~~~^^^^^^^^^^\n  File \"/Users/lauraandrade/PycharmProjects/Pasarela/.venv/lib/python3.13/site-packages/selenium/webdriver/remote/errorhandler.py\", line 245, in check_response\n    raise exception_class(message, screen, stacktrace)\n"}, "start": 1752528385799, "stop": 1752528385801}, {"name": "When ingresa datos de contratante con rut \"10638372-3\"", "status": "skipped", "start": 1752528385864, "stop": 1752528385864}, {"name": "And ingresa datos de cónyuge menor de edad con rut \"16557350-1\"", "status": "skipped", "start": 1752528385864, "stop": 1752528385864}, {"name": "Then debe mostrarse el mensaje de error \"Perfil (Cónyuge) no cumple con edad mínima de 18 años\"", "status": "skipped", "start": 1752528385864, "stop": 1752528385864}], "start": 1752528383647, "stop": 1752528385864, "uuid": "6ab540e8-cb1f-4b33-84c4-998e663f4aa6", "historyId": "fec5d5254634b12b883c7b911c8b0290", "fullName": "Flujo completo de contratación de seguro en Queplan: No se permite cónyuge menor de 18 años", "labels": [{"name": "severity", "value": "normal"}, {"name": "tag", "value": "negative"}, {"name": "tag", "value": "queplan"}, {"name": "tag", "value": "regression"}, {"name": "feature", "value": "Flujo completo de contratación de seguro en Queplan"}, {"name": "framework", "value": "behave"}, {"name": "language", "value": "cpython3"}]}